{"/Users/jian/Desktop/Test/flight-logs-backend/src/app.ts": {"path":"/Users/jian/Desktop/Test/flight-logs-backend/src/app.ts","statementMap":{"0":{"start":{"line":1,"column":0},"end":{"line":1,"column":30}},"1":{"start":{"line":2,"column":0},"end":{"line":2,"column":28}},"2":{"start":{"line":3,"column":0},"end":{"line":3,"column":42}},"3":{"start":{"line":5,"column":0},"end":{"line":5,"column":16}},"4":{"start":{"line":7,"column":12},"end":{"line":7,"column":21}},"5":{"start":{"line":19,"column":9},"end":{"line":19,"column":12}},"6":{"start":{"line":9,"column":0},"end":{"line":9,"column":24}},"7":{"start":{"line":10,"column":0},"end":{"line":10,"column":48}},"8":{"start":{"line":12,"column":0},"end":{"line":12,"column":33}},"9":{"start":{"line":15,"column":0},"end":{"line":17,"column":3}},"10":{"start":{"line":16,"column":2},"end":{"line":16,"column":53}}},"fnMap":{"0":{"name":"(anonymous_1)","decl":{"start":{"line":15,"column":8},"end":{"line":15,"column":9}},"loc":{"start":{"line":15,"column":21},"end":{"line":17,"column":1}}}},"branchMap":{},"s":{"0":1,"1":1,"2":1,"3":1,"4":1,"5":1,"6":1,"7":1,"8":1,"9":1,"10":0},"f":{"0":0},"b":{}}
,"/Users/jian/Desktop/Test/flight-logs-backend/src/constant.ts": {"path":"/Users/jian/Desktop/Test/flight-logs-backend/src/constant.ts","statementMap":{"0":{"start":{"line":1,"column":13},"end":{"line":6,"column":11}},"1":{"start":{"line":8,"column":13},"end":{"line":13,"column":11}},"2":{"start":{"line":15,"column":13},"end":{"line":30,"column":11}},"3":{"start":{"line":32,"column":0},"end":{"line":32,"column":null}},"4":{"start":{"line":33,"column":2},"end":{"line":33,"column":null}},"5":{"start":{"line":34,"column":2},"end":{"line":34,"column":null}},"6":{"start":{"line":35,"column":2},"end":{"line":35,"column":null}},"7":{"start":{"line":36,"column":2},"end":{"line":36,"column":null}},"8":{"start":{"line":37,"column":2},"end":{"line":37,"column":null}},"9":{"start":{"line":38,"column":2},"end":{"line":38,"column":null}},"10":{"start":{"line":41,"column":13},"end":{"line":63,"column":11}},"11":{"start":{"line":65,"column":13},"end":{"line":65,"column":44}}},"fnMap":{"0":{"name":"(anonymous_0)","decl":{"start":{"line":32,"column":0},"end":{"line":32,"column":12}},"loc":{"start":{"line":32,"column":22},"end":{"line":39,"column":1}}}},"branchMap":{"0":{"loc":{"start":{"line":32,"column":12},"end":{"line":32,"column":null}},"type":"binary-expr","locations":[{"start":{"line":32,"column":12},"end":{"line":32,"column":22}},{"start":{"line":32,"column":22},"end":{"line":32,"column":null}}]}},"s":{"0":1,"1":1,"2":1,"3":1,"4":1,"5":1,"6":1,"7":1,"8":1,"9":1,"10":1,"11":1},"f":{"0":1},"b":{"0":[1,1]}}
,"/Users/jian/Desktop/Test/flight-logs-backend/src/flightRoutes/index.ts": {"path":"/Users/jian/Desktop/Test/flight-logs-backend/src/flightRoutes/index.ts","statementMap":{"0":{"start":{"line":1,"column":0},"end":{"line":1,"column":30}},"1":{"start":{"line":2,"column":0},"end":{"line":2,"column":51}},"2":{"start":{"line":3,"column":0},"end":{"line":3,"column":65}},"3":{"start":{"line":4,"column":0},"end":{"line":4,"column":51}},"4":{"start":{"line":6,"column":15},"end":{"line":6,"column":31}},"5":{"start":{"line":8,"column":21},"end":{"line":10,"column":1}},"6":{"start":{"line":8,"column":34},"end":{"line":10,"column":1}},"7":{"start":{"line":9,"column":2},"end":{"line":9,"column":50}},"8":{"start":{"line":14,"column":0},"end":{"line":14,"column":45}},"9":{"start":{"line":15,"column":0},"end":{"line":15,"column":80}},"10":{"start":{"line":16,"column":0},"end":{"line":16,"column":64}},"11":{"start":{"line":18,"column":0},"end":{"line":18,"column":55}},"12":{"start":{"line":19,"column":0},"end":{"line":22,"column":2}},"13":{"start":{"line":23,"column":0},"end":{"line":23,"column":67}},"14":{"start":{"line":25,"column":0},"end":{"line":25,"column":22}}},"fnMap":{"0":{"name":"(anonymous_1)","decl":{"start":{"line":8,"column":21},"end":{"line":8,"column":22}},"loc":{"start":{"line":8,"column":34},"end":{"line":10,"column":1}}},"1":{"name":"(anonymous_2)","decl":{"start":{"line":8,"column":34},"end":{"line":8,"column":35}},"loc":{"start":{"line":8,"column":68},"end":{"line":10,"column":1}}}},"branchMap":{},"s":{"0":1,"1":1,"2":1,"3":1,"4":1,"5":1,"6":6,"7":7,"8":1,"9":1,"10":1,"11":1,"12":1,"13":1,"14":1},"f":{"0":6,"1":7},"b":{}}
,"/Users/jian/Desktop/Test/flight-logs-backend/src/flightRoutes/v1/getFlightLogs.ts": {"path":"/Users/jian/Desktop/Test/flight-logs-backend/src/flightRoutes/v1/getFlightLogs.ts","statementMap":{"0":{"start":{"line":2,"column":0},"end":{"line":2,"column":47}},"1":{"start":{"line":3,"column":0},"end":{"line":3,"column":41}},"2":{"start":{"line":4,"column":0},"end":{"line":4,"column":null}},"3":{"start":{"line":8,"column":0},"end":{"line":8,"column":60}},"4":{"start":{"line":9,"column":0},"end":{"line":9,"column":80}},"5":{"start":{"line":13,"column":29},"end":{"line":73,"column":1}},"6":{"start":{"line":18,"column":2},"end":{"line":72,"column":3}},"7":{"start":{"line":20,"column":6},"end":{"line":20,"column":75}},"8":{"start":{"line":22,"column":6},"end":{"line":22,"column":77}},"9":{"start":{"line":24,"column":7},"end":{"line":24,"column":70}},"10":{"start":{"line":26,"column":7},"end":{"line":26,"column":70}},"11":{"start":{"line":28,"column":29},"end":{"line":33,"column":null}},"12":{"start":{"line":35,"column":4},"end":{"line":43,"column":5}},"13":{"start":{"line":36,"column":6},"end":{"line":42,"column":10}},"14":{"start":{"line":45,"column":20},"end":{"line":54,"column":20}},"15":{"start":{"line":55,"column":23},"end":{"line":60,"column":6}},"16":{"start":{"line":61,"column":4},"end":{"line":63,"column":60}},"17":{"start":{"line":65,"column":4},"end":{"line":71,"column":6}},"18":{"start":{"line":13,"column":13},"end":{"line":13,"column":29}}},"fnMap":{"0":{"name":"(anonymous_1)","decl":{"start":{"line":13,"column":29},"end":{"line":13,"column":34}},"loc":{"start":{"line":17,"column":4},"end":{"line":73,"column":1}}}},"branchMap":{"0":{"loc":{"start":{"line":20,"column":6},"end":{"line":20,"column":75}},"type":"binary-expr","locations":[{"start":{"line":20,"column":6},"end":{"line":20,"column":40}},{"start":{"line":20,"column":44},"end":{"line":20,"column":75}}]},"1":{"loc":{"start":{"line":22,"column":6},"end":{"line":22,"column":77}},"type":"binary-expr","locations":[{"start":{"line":22,"column":6},"end":{"line":22,"column":41}},{"start":{"line":22,"column":45},"end":{"line":22,"column":77}}]},"2":{"loc":{"start":{"line":24,"column":7},"end":{"line":24,"column":70}},"type":"binary-expr","locations":[{"start":{"line":24,"column":7},"end":{"line":24,"column":37}},{"start":{"line":24,"column":41},"end":{"line":24,"column":70}}]},"3":{"loc":{"start":{"line":26,"column":7},"end":{"line":26,"column":70}},"type":"binary-expr","locations":[{"start":{"line":26,"column":7},"end":{"line":26,"column":37}},{"start":{"line":26,"column":41},"end":{"line":26,"column":70}}]},"4":{"loc":{"start":{"line":35,"column":4},"end":{"line":43,"column":5}},"type":"if","locations":[{"start":{"line":35,"column":4},"end":{"line":43,"column":5}}]},"5":{"loc":{"start":{"line":40,"column":12},"end":{"line":40,"column":79}},"type":"binary-expr","locations":[{"start":{"line":40,"column":12},"end":{"line":40,"column":34}},{"start":{"line":40,"column":38},"end":{"line":40,"column":79}}]},"6":{"loc":{"start":{"line":49,"column":10},"end":{"line":51,"column":38}},"type":"cond-expr","locations":[{"start":{"line":50,"column":14},"end":{"line":50,"column":37}},{"start":{"line":51,"column":14},"end":{"line":51,"column":38}}]},"7":{"loc":{"start":{"line":67,"column":9},"end":{"line":68,"column":51}},"type":"binary-expr","locations":[{"start":{"line":67,"column":9},"end":{"line":67,"column":33}},{"start":{"line":68,"column":8},"end":{"line":68,"column":51}}]}},"s":{"0":1,"1":1,"2":1,"3":1,"4":1,"5":1,"6":0,"7":0,"8":0,"9":0,"10":0,"11":0,"12":0,"13":0,"14":0,"15":0,"16":0,"17":0,"18":1},"f":{"0":0},"b":{"0":[0,0],"1":[0,0],"2":[0,0],"3":[0,0],"4":[0],"5":[0,0],"6":[0,0],"7":[0,0]}}
,"/Users/jian/Desktop/Test/flight-logs-backend/src/flightRoutes/v1/getFlightsByAircraft.ts": {"path":"/Users/jian/Desktop/Test/flight-logs-backend/src/flightRoutes/v1/getFlightsByAircraft.ts","statementMap":{"0":{"start":{"line":2,"column":0},"end":{"line":2,"column":47}},"1":{"start":{"line":3,"column":0},"end":{"line":3,"column":44}},"2":{"start":{"line":4,"column":0},"end":{"line":4,"column":null}},"3":{"start":{"line":8,"column":0},"end":{"line":8,"column":57}},"4":{"start":{"line":9,"column":0},"end":{"line":9,"column":86}},"5":{"start":{"line":12,"column":36},"end":{"line":50,"column":1}},"6":{"start":{"line":17,"column":25},"end":{"line":17,"column":35}},"7":{"start":{"line":18,"column":21},"end":{"line":18,"column":30}},"8":{"start":{"line":20,"column":27},"end":{"line":23,"column":null}},"9":{"start":{"line":25,"column":2},"end":{"line":33,"column":3}},"10":{"start":{"line":26,"column":4},"end":{"line":32,"column":8}},"11":{"start":{"line":35,"column":2},"end":{"line":49,"column":3}},"12":{"start":{"line":36,"column":23},"end":{"line":36,"column":37}},"13":{"start":{"line":37,"column":4},"end":{"line":37,"column":38}},"14":{"start":{"line":37,"column":16},"end":{"line":37,"column":38}},"15":{"start":{"line":38,"column":20},"end":{"line":40,"column":13}},"16":{"start":{"line":41,"column":4},"end":{"line":41,"column":67}},"17":{"start":{"line":43,"column":4},"end":{"line":48,"column":6}},"18":{"start":{"line":12,"column":13},"end":{"line":12,"column":36}}},"fnMap":{"0":{"name":"(anonymous_1)","decl":{"start":{"line":12,"column":36},"end":{"line":12,"column":41}},"loc":{"start":{"line":16,"column":4},"end":{"line":50,"column":1}}}},"branchMap":{"0":{"loc":{"start":{"line":25,"column":2},"end":{"line":33,"column":3}},"type":"if","locations":[{"start":{"line":25,"column":2},"end":{"line":33,"column":3}}]},"1":{"loc":{"start":{"line":30,"column":10},"end":{"line":30,"column":77}},"type":"binary-expr","locations":[{"start":{"line":30,"column":10},"end":{"line":30,"column":32}},{"start":{"line":30,"column":36},"end":{"line":30,"column":77}}]},"2":{"loc":{"start":{"line":37,"column":4},"end":{"line":37,"column":38}},"type":"if","locations":[{"start":{"line":37,"column":4},"end":{"line":37,"column":38}}]},"3":{"loc":{"start":{"line":45,"column":9},"end":{"line":46,"column":53}},"type":"binary-expr","locations":[{"start":{"line":45,"column":9},"end":{"line":45,"column":33}},{"start":{"line":46,"column":10},"end":{"line":46,"column":53}}]}},"s":{"0":1,"1":1,"2":1,"3":1,"4":1,"5":1,"6":7,"7":7,"8":7,"9":7,"10":2,"11":5,"12":5,"13":5,"14":2,"15":5,"16":5,"17":0,"18":1},"f":{"0":7},"b":{"0":[2],"1":[2,0],"2":[2],"3":[0,0]}}
,"/Users/jian/Desktop/Test/flight-logs-backend/src/flightRoutes/v1/getTotalHours.ts": {"path":"/Users/jian/Desktop/Test/flight-logs-backend/src/flightRoutes/v1/getTotalHours.ts","statementMap":{"0":{"start":{"line":2,"column":0},"end":{"line":2,"column":47}},"1":{"start":{"line":3,"column":0},"end":{"line":3,"column":44}},"2":{"start":{"line":4,"column":0},"end":{"line":4,"column":null}},"3":{"start":{"line":8,"column":0},"end":{"line":8,"column":63}},"4":{"start":{"line":9,"column":0},"end":{"line":9,"column":79}},"5":{"start":{"line":12,"column":29},"end":{"line":70,"column":1}},"6":{"start":{"line":17,"column":2},"end":{"line":69,"column":3}},"7":{"start":{"line":18,"column":35},"end":{"line":18,"column":44}},"8":{"start":{"line":19,"column":29},"end":{"line":22,"column":null}},"9":{"start":{"line":24,"column":4},"end":{"line":32,"column":5}},"10":{"start":{"line":25,"column":6},"end":{"line":31,"column":10}},"11":{"start":{"line":34,"column":21},"end":{"line":59,"column":6}},"12":{"start":{"line":60,"column":4},"end":{"line":60,"column":48}},"13":{"start":{"line":61,"column":4},"end":{"line":61,"column":89}},"14":{"start":{"line":63,"column":4},"end":{"line":68,"column":6}},"15":{"start":{"line":12,"column":13},"end":{"line":12,"column":29}}},"fnMap":{"0":{"name":"(anonymous_1)","decl":{"start":{"line":12,"column":29},"end":{"line":12,"column":34}},"loc":{"start":{"line":16,"column":4},"end":{"line":70,"column":1}}}},"branchMap":{"0":{"loc":{"start":{"line":24,"column":4},"end":{"line":32,"column":5}},"type":"if","locations":[{"start":{"line":24,"column":4},"end":{"line":32,"column":5}}]},"1":{"loc":{"start":{"line":29,"column":12},"end":{"line":29,"column":79}},"type":"binary-expr","locations":[{"start":{"line":29,"column":12},"end":{"line":29,"column":34}},{"start":{"line":29,"column":38},"end":{"line":29,"column":79}}]},"2":{"loc":{"start":{"line":60,"column":17},"end":{"line":60,"column":47}},"type":"binary-expr","locations":[{"start":{"line":60,"column":17},"end":{"line":60,"column":42}},{"start":{"line":60,"column":46},"end":{"line":60,"column":47}}]},"3":{"loc":{"start":{"line":65,"column":9},"end":{"line":66,"column":51}},"type":"binary-expr","locations":[{"start":{"line":65,"column":9},"end":{"line":65,"column":33}},{"start":{"line":66,"column":8},"end":{"line":66,"column":51}}]}},"s":{"0":1,"1":1,"2":1,"3":1,"4":1,"5":1,"6":0,"7":0,"8":0,"9":0,"10":0,"11":0,"12":0,"13":0,"14":0,"15":1},"f":{"0":0},"b":{"0":[0],"1":[0,0],"2":[0,0],"3":[0,0]}}
,"/Users/jian/Desktop/Test/flight-logs-backend/src/flightRoutes/v1-validation/getFlightsByAircraftValidation.ts": {"path":"/Users/jian/Desktop/Test/flight-logs-backend/src/flightRoutes/v1-validation/getFlightsByAircraftValidation.ts","statementMap":{"0":{"start":{"line":2,"column":0},"end":{"line":2,"column":63}},"1":{"start":{"line":3,"column":26},"end":{"line":3,"column":37}},"2":{"start":{"line":9,"column":35},"end":{"line":37,"column":1}},"3":{"start":{"line":14,"column":2},"end":{"line":19,"column":3}},"4":{"start":{"line":15,"column":4},"end":{"line":18,"column":6}},"5":{"start":{"line":20,"column":2},"end":{"line":25,"column":3}},"6":{"start":{"line":21,"column":4},"end":{"line":24,"column":6}},"7":{"start":{"line":29,"column":34},"end":{"line":29,"column":62}},"8":{"start":{"line":30,"column":2},"end":{"line":32,"column":3}},"9":{"start":{"line":31,"column":4},"end":{"line":31,"column":79}},"10":{"start":{"line":34,"column":2},"end":{"line":36,"column":4}},"11":{"start":{"line":9,"column":13},"end":{"line":9,"column":35}}},"fnMap":{"0":{"name":"(anonymous_0)","decl":{"start":{"line":9,"column":35},"end":{"line":9,"column":null}},"loc":{"start":{"line":13,"column":22},"end":{"line":37,"column":1}}}},"branchMap":{"0":{"loc":{"start":{"line":14,"column":2},"end":{"line":19,"column":3}},"type":"if","locations":[{"start":{"line":14,"column":2},"end":{"line":19,"column":3}}]},"1":{"loc":{"start":{"line":20,"column":2},"end":{"line":25,"column":3}},"type":"if","locations":[{"start":{"line":20,"column":2},"end":{"line":25,"column":3}}]},"2":{"loc":{"start":{"line":30,"column":2},"end":{"line":32,"column":3}},"type":"if","locations":[{"start":{"line":30,"column":2},"end":{"line":32,"column":3}}]},"3":{"loc":{"start":{"line":30,"column":6},"end":{"line":30,"column":47}},"type":"binary-expr","locations":[{"start":{"line":30,"column":6},"end":{"line":30,"column":12}},{"start":{"line":30,"column":16},"end":{"line":30,"column":47}}]}},"s":{"0":1,"1":1,"2":1,"3":7,"4":0,"5":7,"6":1,"7":6,"8":6,"9":1,"10":5,"11":1},"f":{"0":7},"b":{"0":[0],"1":[1],"2":[1],"3":[6,3]}}
,"/Users/jian/Desktop/Test/flight-logs-backend/src/flightRoutes/v1-validation/getFlightsLogsValidation.ts": {"path":"/Users/jian/Desktop/Test/flight-logs-backend/src/flightRoutes/v1-validation/getFlightsLogsValidation.ts","statementMap":{"0":{"start":{"line":2,"column":0},"end":{"line":2,"column":69}},"1":{"start":{"line":15,"column":35},"end":{"line":49,"column":1}},"2":{"start":{"line":22,"column":2},"end":{"line":24,"column":3}},"3":{"start":{"line":23,"column":4},"end":{"line":23,"column":77}},"4":{"start":{"line":26,"column":2},"end":{"line":28,"column":3}},"5":{"start":{"line":27,"column":4},"end":{"line":27,"column":78}},"6":{"start":{"line":30,"column":38},"end":{"line":30,"column":72}},"7":{"start":{"line":31,"column":2},"end":{"line":36,"column":3}},"8":{"start":{"line":32,"column":4},"end":{"line":35,"column":6}},"9":{"start":{"line":38,"column":2},"end":{"line":43,"column":3}},"10":{"start":{"line":39,"column":4},"end":{"line":42,"column":6}},"11":{"start":{"line":45,"column":2},"end":{"line":48,"column":4}},"12":{"start":{"line":15,"column":13},"end":{"line":15,"column":35}}},"fnMap":{"0":{"name":"(anonymous_0)","decl":{"start":{"line":15,"column":35},"end":{"line":15,"column":null}},"loc":{"start":{"line":21,"column":22},"end":{"line":49,"column":1}}}},"branchMap":{"0":{"loc":{"start":{"line":22,"column":2},"end":{"line":24,"column":3}},"type":"if","locations":[{"start":{"line":22,"column":2},"end":{"line":24,"column":3}}]},"1":{"loc":{"start":{"line":26,"column":2},"end":{"line":28,"column":3}},"type":"if","locations":[{"start":{"line":26,"column":2},"end":{"line":28,"column":3}}]},"2":{"loc":{"start":{"line":26,"column":6},"end":{"line":26,"column":30}},"type":"binary-expr","locations":[{"start":{"line":26,"column":6},"end":{"line":26,"column":15}},{"start":{"line":26,"column":19},"end":{"line":26,"column":30}}]},"3":{"loc":{"start":{"line":31,"column":2},"end":{"line":36,"column":3}},"type":"if","locations":[{"start":{"line":31,"column":2},"end":{"line":36,"column":3}}]},"4":{"loc":{"start":{"line":38,"column":2},"end":{"line":43,"column":3}},"type":"if","locations":[{"start":{"line":38,"column":2},"end":{"line":43,"column":3}}]}},"s":{"0":1,"1":1,"2":0,"3":0,"4":0,"5":0,"6":0,"7":0,"8":0,"9":0,"10":0,"11":0,"12":1},"f":{"0":0},"b":{"0":[0],"1":[0],"2":[0,0],"3":[0],"4":[0]}}
,"/Users/jian/Desktop/Test/flight-logs-backend/src/flightRoutes/v1-validation/getTotalHoursValidation.ts": {"path":"/Users/jian/Desktop/Test/flight-logs-backend/src/flightRoutes/v1-validation/getTotalHoursValidation.ts","statementMap":{"0":{"start":{"line":2,"column":0},"end":{"line":2,"column":48}},"1":{"start":{"line":9,"column":35},"end":{"line":24,"column":1}},"2":{"start":{"line":14,"column":2},"end":{"line":19,"column":3}},"3":{"start":{"line":15,"column":4},"end":{"line":18,"column":6}},"4":{"start":{"line":21,"column":2},"end":{"line":23,"column":4}},"5":{"start":{"line":9,"column":13},"end":{"line":9,"column":35}}},"fnMap":{"0":{"name":"(anonymous_0)","decl":{"start":{"line":9,"column":35},"end":{"line":9,"column":null}},"loc":{"start":{"line":13,"column":22},"end":{"line":24,"column":1}}}},"branchMap":{"0":{"loc":{"start":{"line":14,"column":2},"end":{"line":19,"column":3}},"type":"if","locations":[{"start":{"line":14,"column":2},"end":{"line":19,"column":3}}]},"1":{"loc":{"start":{"line":14,"column":6},"end":{"line":14,"column":28}},"type":"binary-expr","locations":[{"start":{"line":14,"column":6},"end":{"line":14,"column":16}},{"start":{"line":14,"column":20},"end":{"line":14,"column":28}}]}},"s":{"0":1,"1":1,"2":0,"3":0,"4":0,"5":1},"f":{"0":0},"b":{"0":[0],"1":[0,0]}}
,"/Users/jian/Desktop/Test/flight-logs-backend/src/models/FlightLog.ts": {"path":"/Users/jian/Desktop/Test/flight-logs-backend/src/models/FlightLog.ts","statementMap":{"0":{"start":{"line":1,"column":0},"end":{"line":1,"column":54}},"1":{"start":{"line":14,"column":32},"end":{"line":23,"column":2}},"2":{"start":{"line":25,"column":0},"end":{"line":25,"column":52}},"3":{"start":{"line":26,"column":0},"end":{"line":26,"column":44}},"4":{"start":{"line":28,"column":0},"end":{"line":28,"column":72}}},"fnMap":{},"branchMap":{},"s":{"0":1,"1":1,"2":1,"3":1,"4":1},"f":{},"b":{}}
,"/Users/jian/Desktop/Test/flight-logs-backend/src/utils/response.utils.ts": {"path":"/Users/jian/Desktop/Test/flight-logs-backend/src/utils/response.utils.ts","statementMap":{"0":{"start":{"line":3,"column":37},"end":{"line":7,"column":2}},"1":{"start":{"line":3,"column":74},"end":{"line":7,"column":2}},"2":{"start":{"line":3,"column":13},"end":{"line":3,"column":37}},"3":{"start":{"line":9,"column":35},"end":{"line":16,"column":2}},"4":{"start":{"line":12,"column":21},"end":{"line":16,"column":2}},"5":{"start":{"line":9,"column":13},"end":{"line":9,"column":35}}},"fnMap":{"0":{"name":"(anonymous_0)","decl":{"start":{"line":3,"column":37},"end":{"line":3,"column":41}},"loc":{"start":{"line":3,"column":74},"end":{"line":7,"column":2}}},"1":{"name":"(anonymous_1)","decl":{"start":{"line":9,"column":35},"end":{"line":9,"column":null}},"loc":{"start":{"line":12,"column":21},"end":{"line":16,"column":2}}}},"branchMap":{},"s":{"0":1,"1":5,"2":1,"3":1,"4":2,"5":1},"f":{"0":5,"1":2},"b":{}}
}
