TN:
SF:src/app.ts
FN:15,(anonymous_1)
FNF:1
FNH:0
FNDA:0,(anonymous_1)
DA:1,1
DA:2,1
DA:3,1
DA:5,1
DA:7,1
DA:9,1
DA:10,1
DA:12,1
DA:15,1
DA:16,0
DA:19,1
LF:11
LH:10
BRF:0
BRH:0
end_of_record
TN:
SF:src/constant.ts
FN:32,(anonymous_0)
FNF:1
FNH:1
FNDA:1,(anonymous_0)
DA:1,1
DA:8,1
DA:15,1
DA:32,1
DA:33,1
DA:34,1
DA:35,1
DA:36,1
DA:37,1
DA:38,1
DA:41,1
DA:65,1
LF:12
LH:12
BRDA:32,0,0,1
BRDA:32,0,1,1
BRF:2
BRH:2
end_of_record
TN:
SF:src/flightRoutes/index.ts
FN:8,(anonymous_1)
FN:8,(anonymous_2)
FNF:2
FNH:2
FNDA:6,(anonymous_1)
FNDA:7,(anonymous_2)
DA:1,1
DA:2,1
DA:3,1
DA:4,1
DA:6,1
DA:8,6
DA:9,7
DA:14,1
DA:15,1
DA:16,1
DA:18,1
DA:19,1
DA:23,1
DA:25,1
LF:14
LH:14
BRF:0
BRH:0
end_of_record
TN:
SF:src/flightRoutes/v1/getFlightLogs.ts
FN:13,(anonymous_1)
FNF:1
FNH:0
FNDA:0,(anonymous_1)
DA:2,1
DA:3,1
DA:4,1
DA:8,1
DA:9,1
DA:13,1
DA:18,0
DA:20,0
DA:22,0
DA:24,0
DA:26,0
DA:28,0
DA:35,0
DA:36,0
DA:45,0
DA:55,0
DA:61,0
DA:65,0
LF:18
LH:6
BRDA:20,0,0,0
BRDA:20,0,1,0
BRDA:22,1,0,0
BRDA:22,1,1,0
BRDA:24,2,0,0
BRDA:24,2,1,0
BRDA:26,3,0,0
BRDA:26,3,1,0
BRDA:35,4,0,0
BRDA:40,5,0,0
BRDA:40,5,1,0
BRDA:49,6,0,0
BRDA:49,6,1,0
BRDA:67,7,0,0
BRDA:67,7,1,0
BRF:15
BRH:0
end_of_record
TN:
SF:src/flightRoutes/v1/getFlightsByAircraft.ts
FN:12,(anonymous_1)
FNF:1
FNH:1
FNDA:7,(anonymous_1)
DA:2,1
DA:3,1
DA:4,1
DA:8,1
DA:9,1
DA:12,1
DA:17,7
DA:18,7
DA:20,7
DA:25,7
DA:26,2
DA:35,5
DA:36,5
DA:37,5
DA:38,5
DA:41,5
DA:43,0
LF:17
LH:16
BRDA:25,0,0,2
BRDA:30,1,0,2
BRDA:30,1,1,0
BRDA:37,2,0,2
BRDA:45,3,0,0
BRDA:45,3,1,0
BRF:6
BRH:3
end_of_record
TN:
SF:src/flightRoutes/v1/getTotalHours.ts
FN:12,(anonymous_1)
FNF:1
FNH:0
FNDA:0,(anonymous_1)
DA:2,1
DA:3,1
DA:4,1
DA:8,1
DA:9,1
DA:12,1
DA:17,0
DA:18,0
DA:19,0
DA:24,0
DA:25,0
DA:34,0
DA:60,0
DA:61,0
DA:63,0
LF:15
LH:6
BRDA:24,0,0,0
BRDA:29,1,0,0
BRDA:29,1,1,0
BRDA:60,2,0,0
BRDA:60,2,1,0
BRDA:65,3,0,0
BRDA:65,3,1,0
BRF:7
BRH:0
end_of_record
TN:
SF:src/flightRoutes/v1-validation/getFlightsByAircraftValidation.ts
FN:9,(anonymous_0)
FNF:1
FNH:1
FNDA:7,(anonymous_0)
DA:2,1
DA:3,1
DA:9,1
DA:14,7
DA:15,0
DA:20,7
DA:21,1
DA:29,6
DA:30,6
DA:31,1
DA:34,5
LF:11
LH:10
BRDA:14,0,0,0
BRDA:20,1,0,1
BRDA:30,2,0,1
BRDA:30,3,0,6
BRDA:30,3,1,3
BRF:5
BRH:4
end_of_record
TN:
SF:src/flightRoutes/v1-validation/getFlightsLogsValidation.ts
FN:15,(anonymous_0)
FNF:1
FNH:0
FNDA:0,(anonymous_0)
DA:2,1
DA:15,1
DA:22,0
DA:23,0
DA:26,0
DA:27,0
DA:30,0
DA:31,0
DA:32,0
DA:38,0
DA:39,0
DA:45,0
LF:12
LH:2
BRDA:22,0,0,0
BRDA:26,1,0,0
BRDA:26,2,0,0
BRDA:26,2,1,0
BRDA:31,3,0,0
BRDA:38,4,0,0
BRF:6
BRH:0
end_of_record
TN:
SF:src/flightRoutes/v1-validation/getTotalHoursValidation.ts
FN:9,(anonymous_0)
FNF:1
FNH:0
FNDA:0,(anonymous_0)
DA:2,1
DA:9,1
DA:14,0
DA:15,0
DA:21,0
LF:5
LH:2
BRDA:14,0,0,0
BRDA:14,1,0,0
BRDA:14,1,1,0
BRF:3
BRH:0
end_of_record
TN:
SF:src/models/FlightLog.ts
FNF:0
FNH:0
DA:1,1
DA:14,1
DA:25,1
DA:26,1
DA:28,1
LF:5
LH:5
BRF:0
BRH:0
end_of_record
TN:
SF:src/utils/response.utils.ts
FN:3,(anonymous_0)
FN:9,(anonymous_1)
FNF:2
FNH:2
FNDA:5,(anonymous_0)
FNDA:2,(anonymous_1)
DA:3,5
DA:9,1
DA:12,2
LF:3
LH:3
BRF:0
BRH:0
end_of_record
